  Compiling CUDA source file main.cu...
  
  C:\Users\juice\source\repos\MLP>"C:\Program Files\NVIDIA GPU Computing Toolkit\CUDA\v12.3\bin\nvcc.exe" -gencode=arch=compute_52,code=\"sm_52,compute_52\" --use-local-env -ccbin "C:\Program Files\Microsoft Visual Studio\2022\Community\VC\Tools\MSVC\14.38.33130\bin\HostX64\x64" -x cu   -I"C:\Program Files\NVIDIA GPU Computing Toolkit\CUDA\v12.3\include" -I"C:\Program Files\NVIDIA GPU Computing Toolkit\CUDA\v12.3\include"     --keep-dir x64\Release  -maxrregcount=0   --machine 64 --compile -cudart static    -DWIN32 -DWIN64 -DNDEBUG -D_CONSOLE -D_MBCS -Xcompiler "/EHsc /W3 /nologo /O2 /FS   /MD " -Xcompiler "/Fdx64\Release\vc143.pdb" -o C:\Users\juice\source\repos\MLP\x64\Release\main.cu.obj "C:\Users\juice\source\repos\MLP\main.cu" 
C:\Users\juice\source\repos\MLP\main.cu(109): warning #177-D: variable "MAX_BLOCK_SIZE" was declared but never referenced
    constexpr const unsigned int MAX_BLOCK_SIZE = 1024;
                                 ^
  
  Remark: The warnings can be suppressed with "-diag-suppress <warning-number>"
  
  main.cu
  tmpxft_00002560_00000000-7_main.cudafe1.cpp
C:\Users\juice\source\repos\MLP\mlp.hpp(53): warning C4244: 'argument': conversion from 'double' to '_Ty', possible loss of data
          with
          [
              _Ty=float
          ]
C:\Users\juice\source\repos\MLP\main.cu(240): warning C4018: '<': signed/unsigned mismatch
C:\Users\juice\source\repos\MLP\main.cu(257): warning C4018: '<': signed/unsigned mismatch
C:\Users\juice\source\repos\MLP\main.cu(315): warning C4018: '<': signed/unsigned mismatch
C:\Users\juice\source\repos\MLP\main.cu(316): warning C4018: '<': signed/unsigned mismatch
C:\Users\juice\source\repos\MLP\main.cu(329): warning C4018: '<': signed/unsigned mismatch
C:\Users\juice\source\repos\MLP\main.cu(330): warning C4018: '<': signed/unsigned mismatch
  mlp.cpp
C:\Users\juice\source\repos\MLP\mlp.hpp(53,49): warning C4244: 'argument': conversion from 'double' to '_Ty', possible loss of data
C:\Users\juice\source\repos\MLP\mlp.hpp(53,49): warning C4244:         with
C:\Users\juice\source\repos\MLP\mlp.hpp(53,49): warning C4244:         [
C:\Users\juice\source\repos\MLP\mlp.hpp(53,49): warning C4244:             _Ty=float
C:\Users\juice\source\repos\MLP\mlp.hpp(53,49): warning C4244:         ]
  (compiling source file 'mlp.cpp')
  
C:\Users\juice\source\repos\MLP\mlp.cpp(211,44): warning C4244: 'argument': conversion from 'unsigned int' to 'float', possible loss of data
C:\Users\juice\source\repos\MLP\mlp.cpp(212,44): warning C4244: 'argument': conversion from 'unsigned int' to 'float', possible loss of data
C:\Users\juice\source\repos\MLP\mlp.cpp(215,44): warning C4244: 'argument': conversion from 'unsigned int' to 'float', possible loss of data
C:\Users\juice\source\repos\MLP\mlp.cpp(216,44): warning C4244: 'argument': conversion from 'unsigned int' to 'float', possible loss of data
C:\Users\juice\source\repos\MLP\mlp.cpp(281,23): warning C4018: '<': signed/unsigned mismatch
C:\Users\juice\source\repos\MLP\mlp.cpp(282,27): warning C4018: '<': signed/unsigned mismatch
  util.cpp
     Creating library C:\Users\juice\source\repos\MLP\x64\Release\MLP.lib and object C:\Users\juice\source\repos\MLP\x64\Release\MLP.exp
LINK : warning LNK4098: defaultlib 'LIBCMT' conflicts with use of other libs; use /NODEFAULTLIB:library
  Generating code
  Previous IPDB not found, fall back to full compilation.
  All 449 functions were compiled because no usable IPDB/IOBJ from previous compilation was found.
  Finished generating code
  MLP.vcxproj -> C:\Users\juice\source\repos\MLP\x64\Release\MLP.exe
