  Compiling CUDA source file main.cu...
  
  C:\Users\juice\source\repos\MLP>"C:\Program Files\NVIDIA GPU Computing Toolkit\CUDA\v12.3\bin\nvcc.exe" -gencode=arch=compute_52,code=\"sm_52,compute_52\" --use-local-env -ccbin "C:\Program Files\Microsoft Visual Studio\2022\Community\VC\Tools\MSVC\14.38.33130\bin\HostX64\x64" -x cu   -I"C:\Program Files\NVIDIA GPU Computing Toolkit\CUDA\v12.3\include" -I"C:\Program Files\NVIDIA GPU Computing Toolkit\CUDA\v12.3\include"  -G   --keep-dir x64\Debug  -maxrregcount=0   --machine 64 --compile -cudart static  -g  -DWIN32 -DWIN64 -D_DEBUG -D_CONSOLE -D_MBCS -Xcompiler "/EHsc /W3 /nologo /Od /FS /Zi /RTC1 /MDd " -Xcompiler "/Fdx64\Debug\vc143.pdb" -o C:\Users\juice\source\repos\MLP\x64\Debug\main.cu.obj "C:\Users\juice\source\repos\MLP\main.cu" 
C:\Users\juice\source\repos\MLP\main.cu(109): warning #177-D: variable "MAX_BLOCK_SIZE" was declared but never referenced
    constexpr const unsigned int MAX_BLOCK_SIZE = 1024;
                                 ^
  
  Remark: The warnings can be suppressed with "-diag-suppress <warning-number>"
  
  main.cu
  tmpxft_000043c0_00000000-7_main.cudafe1.cpp
C:\Users\juice\source\repos\MLP\mlp.hpp(53): warning C4244: 'argument': conversion from 'double' to '_Ty', possible loss of data
          with
          [
              _Ty=float
          ]
C:\Users\juice\source\repos\MLP\main.cu(240): warning C4018: '<': signed/unsigned mismatch
C:\Users\juice\source\repos\MLP\main.cu(257): warning C4018: '<': signed/unsigned mismatch
C:\Users\juice\source\repos\MLP\main.cu(315): warning C4018: '<': signed/unsigned mismatch
C:\Users\juice\source\repos\MLP\main.cu(316): warning C4018: '<': signed/unsigned mismatch
C:\Users\juice\source\repos\MLP\main.cu(329): warning C4018: '<': signed/unsigned mismatch
C:\Users\juice\source\repos\MLP\main.cu(330): warning C4018: '<': signed/unsigned mismatch
  MLP.vcxproj -> C:\Users\juice\source\repos\MLP\x64\Debug\MLP.exe
